<?xml version="1.0" encoding="UTF-8"?>
<testng-results skipped="0" failed="0" ignored="0" total="1" passed="1">
  <reporter-output>
  </reporter-output>
  <suite name="Default suite" duration-ms="4329" started-at="2022-02-28T04:53:11Z" finished-at="2022-02-28T04:53:15Z">
    <groups>
    </groups>
    <test name="Default test" duration-ms="4329" started-at="2022-02-28T04:53:11Z" finished-at="2022-02-28T04:53:15Z">
      <class name="testCases.petStore">
        <test-method status="PASS" signature="deletePet()[pri:0, instance:testCases.petStore@523884b2]" name="deletePet" duration-ms="4286" started-at="2022-02-28T10:23:11Z" description="Delete one record" finished-at="2022-02-28T10:23:15Z">
          <reporter-output>
          </reporter-output>
        </test-method> <!-- deletePet -->
      </class> <!-- testCases.petStore -->
    </test> <!-- Default test -->
  </suite> <!-- Default suite -->
</testng-results>
